<?xml version="1.0" encoding="UTF-8"?>
<testsuite name="com.detroitlabs.givemethosestats.controller.SiteControllerTest" tests="4" skipped="0" failures="0" errors="0" timestamp="2022-04-26T14:19:11" hostname="Amandas-MacBook-Pro.local" time="0.021">
  <properties/>
  <testcase name="shouldDisplayCurrentHittingStats()" classname="com.detroitlabs.givemethosestats.controller.SiteControllerTest" time="0.014"/>
  <testcase name="shouldDisplayPlayerDetails()" classname="com.detroitlabs.givemethosestats.controller.SiteControllerTest" time="0.0"/>
  <testcase name="shouldUpdateFromSearch()" classname="com.detroitlabs.givemethosestats.controller.SiteControllerTest" time="0.0"/>
  <testcase name="shouldDisplayHome()" classname="com.detroitlabs.givemethosestats.controller.SiteControllerTest" time="0.004"/>
  <system-out><![CDATA[]]></system-out>
  <system-err><![CDATA[]]></system-err>
</testsuite>
