<?xml version="1.0" encoding="UTF-8"?>
<testsuite name="com.detroitlabs.givemethosestats.service.MLBServiceTest" tests="1" skipped="0" failures="0" errors="0" timestamp="2022-04-26T20:55:47" hostname="Amandas-MacBook-Pro.local" time="0.704">
  <properties/>
  <testcase name="shouldFetchCareerHittingStats()" classname="com.detroitlabs.givemethosestats.service.MLBServiceTest" time="0.704"/>
  <system-out><![CDATA[14:55:47.572 [Test worker] DEBUG org.springframework.web.client.RestTemplate - HTTP GET http://lookup-service-prod.mlb.com/json/named.sport_career_hitting.bam?league_list_id='mlb'&game_type='R'&player_id='605141'
14:55:47.664 [Test worker] DEBUG org.springframework.web.client.RestTemplate - Accept=[application/json, application/*+json]
14:55:47.667 [Test worker] DEBUG org.springframework.web.client.RestTemplate - Writing [parameters] as "application/json"
14:55:47.763 [Test worker] DEBUG org.springframework.web.client.RestTemplate - Response 200 OK
14:55:47.767 [Test worker] DEBUG org.springframework.web.client.RestTemplate - Reading to [com.detroitlabs.givemethosestats.data.StatsSearch]
]]></system-out>
  <system-err><![CDATA[]]></system-err>
</testsuite>
